0 info it worked if it ends with ok
1 verbose cli [ 'c:\\Program Files\\nodejs\\node.exe',
1 verbose cli   'c:\\Program Files\\nodejs\\node_modules\\npm\\bin\\npm-cli.js',
1 verbose cli   'install',
1 verbose cli   'generator-polumer',
1 verbose cli   '-g' ]
2 info using npm@1.4.28
3 info using node@v0.10.33
4 verbose cache add [ 'generator-polumer', null ]
5 verbose cache add name=undefined spec="generator-polumer" args=["generator-polumer",null]
6 verbose parsed url { protocol: null,
6 verbose parsed url   slashes: null,
6 verbose parsed url   auth: null,
6 verbose parsed url   host: null,
6 verbose parsed url   port: null,
6 verbose parsed url   hostname: null,
6 verbose parsed url   hash: null,
6 verbose parsed url   search: null,
6 verbose parsed url   query: null,
6 verbose parsed url   pathname: 'generator-polumer',
6 verbose parsed url   path: 'generator-polumer',
6 verbose parsed url   href: 'generator-polumer' }
7 silly lockFile 17507266-generator-polumer generator-polumer
8 verbose lock generator-polumer C:\Users\esjal\AppData\Roaming\npm-cache\17507266-generator-polumer.lock
9 silly lockFile 17507266-generator-polumer generator-polumer
10 silly lockFile 17507266-generator-polumer generator-polumer
11 verbose addNamed [ 'generator-polumer', '' ]
12 verbose addNamed [ null, '*' ]
13 silly lockFile 6c6816d5-generator-polumer generator-polumer@
14 verbose lock generator-polumer@ C:\Users\esjal\AppData\Roaming\npm-cache\6c6816d5-generator-polumer.lock
15 silly addNameRange { name: 'generator-polumer', range: '*', hasData: false }
16 verbose request where is /generator-polumer
17 verbose request registry https://registry.npmjs.org/
18 verbose request id 24ccfc3703c57a56
19 verbose url raw /generator-polumer
20 verbose url resolving [ 'https://registry.npmjs.org/', './generator-polumer' ]
21 verbose url resolved https://registry.npmjs.org/generator-polumer
22 verbose request where is https://registry.npmjs.org/generator-polumer
23 info trying registry request attempt 1 at 16:01:14
24 http GET https://registry.npmjs.org/generator-polumer
25 http 404 https://registry.npmjs.org/generator-polumer
26 verbose headers { date: 'Mon, 22 Dec 2014 15:01:15 GMT',
26 verbose headers   server: 'CouchDB/1.5.0 (Erlang OTP/R16B03)',
26 verbose headers   'content-type': 'application/json',
26 verbose headers   'cache-control': 'max-age=0',
26 verbose headers   'content-length': '52',
26 verbose headers   'accept-ranges': 'bytes',
26 verbose headers   via: '1.1 varnish',
26 verbose headers   age: '0',
26 verbose headers   'x-served-by': 'cache-fra1235-FRA',
26 verbose headers   'x-cache': 'MISS',
26 verbose headers   'x-cache-hits': '0',
26 verbose headers   'x-timer': 'S1419260474.777782,VS0,VE422',
26 verbose headers   'keep-alive': 'timeout=10, max=50',
26 verbose headers   connection: 'Keep-Alive' }
27 silly registry.get cb [ 404,
27 silly registry.get   { date: 'Mon, 22 Dec 2014 15:01:15 GMT',
27 silly registry.get     server: 'CouchDB/1.5.0 (Erlang OTP/R16B03)',
27 silly registry.get     'content-type': 'application/json',
27 silly registry.get     'cache-control': 'max-age=0',
27 silly registry.get     'content-length': '52',
27 silly registry.get     'accept-ranges': 'bytes',
27 silly registry.get     via: '1.1 varnish',
27 silly registry.get     age: '0',
27 silly registry.get     'x-served-by': 'cache-fra1235-FRA',
27 silly registry.get     'x-cache': 'MISS',
27 silly registry.get     'x-cache-hits': '0',
27 silly registry.get     'x-timer': 'S1419260474.777782,VS0,VE422',
27 silly registry.get     'keep-alive': 'timeout=10, max=50',
27 silly registry.get     connection: 'Keep-Alive' } ]
28 silly lockFile 6c6816d5-generator-polumer generator-polumer@
29 silly lockFile 6c6816d5-generator-polumer generator-polumer@
30 error 404 404 Not Found: generator-polumer
30 error 404
30 error 404 'generator-polumer' is not in the npm registry.
30 error 404 You should bug the author to publish it
30 error 404
30 error 404 Note that you can also install from a
30 error 404 tarball, folder, or http url, or git url.
31 error System Windows_NT 6.1.7601
32 error command "c:\\Program Files\\nodejs\\node.exe" "c:\\Program Files\\nodejs\\node_modules\\npm\\bin\\npm-cli.js" "install" "generator-polumer" "-g"
33 error cwd c:\Users\esjal\Documents\GitHub\TelefZF5\telefZF5
34 error node -v v0.10.33
35 error npm -v 1.4.28
36 error code E404
37 verbose exit [ 1, true ]
